<?xml version="1.0" encoding="UTF-8"?>
<testsuite name="lexical_analyzer.LexicalAnalyzerTest" tests="1" skipped="0" failures="0" errors="0" timestamp="2020-08-25T20:01:34" hostname="DESKTOP-5T0KS5F" time="0.569">
  <properties/>
  <testcase name="getTestJSON" classname="lexical_analyzer.LexicalAnalyzerTest" time="0.569"/>
  <system-out><![CDATA[2020-08-25 23:01:34,258 INFO s.LexicalAnalyzer [Test worker]: Initializing Lexical Analyzer for Parsing C:\Users\Анна\Desktop\compilers\ProjectD\src\test\resources\case_7.pd. 
2020-08-25 23:01:34,273 INFO s.LexicalAnalyzer [Test worker]: Lexical Analyzer initialized correctly. Starting parsing phase. 
2020-08-25 23:01:34,345 INFO s.LexicalAnalyzer [Test worker]: Parsing finished successfully. Time taken to parse sourcecode: 70.8469 ms. 
2020-08-25 23:01:34,405 INFO s.LexicalAnalyzer [Test worker]: Initializing Lexical Analyzer for Parsing C:\Users\Анна\Desktop\compilers\ProjectD\src\test\resources\case_8.pd. 
2020-08-25 23:01:34,406 INFO s.LexicalAnalyzer [Test worker]: Lexical Analyzer initialized correctly. Starting parsing phase. 
2020-08-25 23:01:34,422 INFO s.LexicalAnalyzer [Test worker]: Parsing finished successfully. Time taken to parse sourcecode: 14.611699 ms. 
2020-08-25 23:01:34,540 INFO s.LexicalAnalyzer [Test worker]: Initializing Lexical Analyzer for Parsing C:\Users\Анна\Desktop\compilers\ProjectD\src\test\resources\case_9.pd. 
2020-08-25 23:01:34,541 INFO s.LexicalAnalyzer [Test worker]: Lexical Analyzer initialized correctly. Starting parsing phase. 
2020-08-25 23:01:34,543 INFO s.LexicalAnalyzer [Test worker]: Parsing finished successfully. Time taken to parse sourcecode: 1.7142 ms. 
2020-08-25 23:01:34,566 INFO s.LexicalAnalyzer [Test worker]: Initializing Lexical Analyzer for Parsing C:\Users\Анна\Desktop\compilers\ProjectD\src\test\resources\case_10.pd. 
2020-08-25 23:01:34,568 INFO s.LexicalAnalyzer [Test worker]: Lexical Analyzer initialized correctly. Starting parsing phase. 
2020-08-25 23:01:34,571 INFO s.LexicalAnalyzer [Test worker]: Parsing finished successfully. Time taken to parse sourcecode: 2.2564 ms. 
2020-08-25 23:01:34,601 INFO s.LexicalAnalyzer [Test worker]: Initializing Lexical Analyzer for Parsing C:\Users\Анна\Desktop\compilers\ProjectD\src\test\resources\case_11.pd. 
2020-08-25 23:01:34,603 INFO s.LexicalAnalyzer [Test worker]: Lexical Analyzer initialized correctly. Starting parsing phase. 
2020-08-25 23:01:34,607 INFO s.LexicalAnalyzer [Test worker]: Parsing finished successfully. Time taken to parse sourcecode: 1.391301 ms. 
2020-08-25 23:01:34,623 INFO s.LexicalAnalyzer [Test worker]: Initializing Lexical Analyzer for Parsing C:\Users\Анна\Desktop\compilers\ProjectD\src\test\resources\case_12.pd. 
2020-08-25 23:01:34,624 INFO s.LexicalAnalyzer [Test worker]: Lexical Analyzer initialized correctly. Starting parsing phase. 
2020-08-25 23:01:34,626 INFO s.LexicalAnalyzer [Test worker]: Parsing finished successfully. Time taken to parse sourcecode: 1.6727 ms. 
2020-08-25 23:01:34,640 INFO s.LexicalAnalyzer [Test worker]: Initializing Lexical Analyzer for Parsing C:\Users\Анна\Desktop\compilers\ProjectD\src\test\resources\case_13.pd. 
2020-08-25 23:01:34,644 INFO s.LexicalAnalyzer [Test worker]: Lexical Analyzer initialized correctly. Starting parsing phase. 
2020-08-25 23:01:34,645 ERROR l.LexicalAnalyzerTest [Test worker]: Error in lexical analysis at line - 3, column - 25. Unacceptable literal: . 
2020-08-25 23:01:34,669 INFO s.LexicalAnalyzer [Test worker]: Initializing Lexical Analyzer for Parsing C:\Users\Анна\Desktop\compilers\ProjectD\src\test\resources\case_14.pd. 
2020-08-25 23:01:34,670 INFO s.LexicalAnalyzer [Test worker]: Lexical Analyzer initialized correctly. Starting parsing phase. 
2020-08-25 23:01:34,673 ERROR l.LexicalAnalyzerTest [Test worker]: Error in lexical analysis at line - 4, column - 12. Unacceptable literal: . 
]]></system-out>
  <system-err><![CDATA[exception.LexicalAnalysisException: Error in lexical analysis at line - 3, column - 25. Unacceptable literal: .
	at tokens.Identifier.<init>(Identifier.java:31)
	at tokens.Identifier.getIdentifier(Identifier.java:21)
	at tokens.Token.tokenize(Token.java:29)
	at stages.LexicalAnalyzer.commitToken(LexicalAnalyzer.java:216)
	at stages.LexicalAnalyzer.commitBufferedToken(LexicalAnalyzer.java:210)
	at stages.LexicalAnalyzer.tokenize(LexicalAnalyzer.java:121)
	at lexical_analyzer.LexicalAnalyzerTest.createTestingResults(LexicalAnalyzerTest.java:46)
	at lexical_analyzer.LexicalAnalyzerTest.getTestJSON(LexicalAnalyzerTest.java:35)
	at java.base/jdk.internal.reflect.NativeMethodAccessorImpl.invoke0(Native Method)
	at java.base/jdk.internal.reflect.NativeMethodAccessorImpl.invoke(NativeMethodAccessorImpl.java:62)
	at java.base/jdk.internal.reflect.DelegatingMethodAccessorImpl.invoke(DelegatingMethodAccessorImpl.java:43)
	at java.base/java.lang.reflect.Method.invoke(Method.java:564)
	at org.junit.runners.model.FrameworkMethod$1.runReflectiveCall(FrameworkMethod.java:50)
	at org.junit.internal.runners.model.ReflectiveCallable.run(ReflectiveCallable.java:12)
	at org.junit.runners.model.FrameworkMethod.invokeExplosively(FrameworkMethod.java:47)
	at org.junit.internal.runners.statements.InvokeMethod.evaluate(InvokeMethod.java:17)
	at org.junit.runners.ParentRunner.runLeaf(ParentRunner.java:325)
	at org.junit.runners.BlockJUnit4ClassRunner.runChild(BlockJUnit4ClassRunner.java:78)
	at org.junit.runners.BlockJUnit4ClassRunner.runChild(BlockJUnit4ClassRunner.java:57)
	at org.junit.runners.ParentRunner$3.run(ParentRunner.java:290)
	at org.junit.runners.ParentRunner$1.schedule(ParentRunner.java:71)
	at org.junit.runners.ParentRunner.runChildren(ParentRunner.java:288)
	at org.junit.runners.ParentRunner.access$000(ParentRunner.java:58)
	at org.junit.runners.ParentRunner$2.evaluate(ParentRunner.java:268)
	at org.junit.runners.ParentRunner.run(ParentRunner.java:363)
	at org.gradle.api.internal.tasks.testing.junit.JUnitTestClassExecutor.runTestClass(JUnitTestClassExecutor.java:110)
	at org.gradle.api.internal.tasks.testing.junit.JUnitTestClassExecutor.execute(JUnitTestClassExecutor.java:58)
	at org.gradle.api.internal.tasks.testing.junit.JUnitTestClassExecutor.execute(JUnitTestClassExecutor.java:38)
	at org.gradle.api.internal.tasks.testing.junit.AbstractJUnitTestClassProcessor.processTestClass(AbstractJUnitTestClassProcessor.java:62)
	at org.gradle.api.internal.tasks.testing.SuiteTestClassProcessor.processTestClass(SuiteTestClassProcessor.java:51)
	at java.base/jdk.internal.reflect.NativeMethodAccessorImpl.invoke0(Native Method)
	at java.base/jdk.internal.reflect.NativeMethodAccessorImpl.invoke(NativeMethodAccessorImpl.java:62)
	at java.base/jdk.internal.reflect.DelegatingMethodAccessorImpl.invoke(DelegatingMethodAccessorImpl.java:43)
	at java.base/java.lang.reflect.Method.invoke(Method.java:564)
	at org.gradle.internal.dispatch.ReflectionDispatch.dispatch(ReflectionDispatch.java:36)
	at org.gradle.internal.dispatch.ReflectionDispatch.dispatch(ReflectionDispatch.java:24)
	at org.gradle.internal.dispatch.ContextClassLoaderDispatch.dispatch(ContextClassLoaderDispatch.java:33)
	at org.gradle.internal.dispatch.ProxyDispatchAdapter$DispatchingInvocationHandler.invoke(ProxyDispatchAdapter.java:94)
	at com.sun.proxy.$Proxy2.processTestClass(Unknown Source)
	at org.gradle.api.internal.tasks.testing.worker.TestWorker.processTestClass(TestWorker.java:118)
	at java.base/jdk.internal.reflect.NativeMethodAccessorImpl.invoke0(Native Method)
	at java.base/jdk.internal.reflect.NativeMethodAccessorImpl.invoke(NativeMethodAccessorImpl.java:62)
	at java.base/jdk.internal.reflect.DelegatingMethodAccessorImpl.invoke(DelegatingMethodAccessorImpl.java:43)
	at java.base/java.lang.reflect.Method.invoke(Method.java:564)
	at org.gradle.internal.dispatch.ReflectionDispatch.dispatch(ReflectionDispatch.java:36)
	at org.gradle.internal.dispatch.ReflectionDispatch.dispatch(ReflectionDispatch.java:24)
	at org.gradle.internal.remote.internal.hub.MessageHubBackedObjectConnection$DispatchWrapper.dispatch(MessageHubBackedObjectConnection.java:182)
	at org.gradle.internal.remote.internal.hub.MessageHubBackedObjectConnection$DispatchWrapper.dispatch(MessageHubBackedObjectConnection.java:164)
	at org.gradle.internal.remote.internal.hub.MessageHub$Handler.run(MessageHub.java:412)
	at org.gradle.internal.concurrent.ExecutorPolicy$CatchAndRecordFailures.onExecute(ExecutorPolicy.java:64)
	at org.gradle.internal.concurrent.ManagedExecutorImpl$1.run(ManagedExecutorImpl.java:48)
	at java.base/java.util.concurrent.ThreadPoolExecutor.runWorker(ThreadPoolExecutor.java:1130)
	at java.base/java.util.concurrent.ThreadPoolExecutor$Worker.run(ThreadPoolExecutor.java:630)
	at org.gradle.internal.concurrent.ThreadFactoryImpl$ManagedThreadRunnable.run(ThreadFactoryImpl.java:56)
	at java.base/java.lang.Thread.run(Thread.java:832)
exception.LexicalAnalysisException: Error in lexical analysis at line - 4, column - 12. Unacceptable literal: .
	at tokens.Identifier.<init>(Identifier.java:31)
	at tokens.Identifier.getIdentifier(Identifier.java:21)
	at tokens.Token.tokenize(Token.java:29)
	at stages.LexicalAnalyzer.commitToken(LexicalAnalyzer.java:216)
	at stages.LexicalAnalyzer.commitBufferedToken(LexicalAnalyzer.java:210)
	at stages.LexicalAnalyzer.tokenize(LexicalAnalyzer.java:121)
	at lexical_analyzer.LexicalAnalyzerTest.createTestingResults(LexicalAnalyzerTest.java:46)
	at lexical_analyzer.LexicalAnalyzerTest.getTestJSON(LexicalAnalyzerTest.java:35)
	at java.base/jdk.internal.reflect.NativeMethodAccessorImpl.invoke0(Native Method)
	at java.base/jdk.internal.reflect.NativeMethodAccessorImpl.invoke(NativeMethodAccessorImpl.java:62)
	at java.base/jdk.internal.reflect.DelegatingMethodAccessorImpl.invoke(DelegatingMethodAccessorImpl.java:43)
	at java.base/java.lang.reflect.Method.invoke(Method.java:564)
	at org.junit.runners.model.FrameworkMethod$1.runReflectiveCall(FrameworkMethod.java:50)
	at org.junit.internal.runners.model.ReflectiveCallable.run(ReflectiveCallable.java:12)
	at org.junit.runners.model.FrameworkMethod.invokeExplosively(FrameworkMethod.java:47)
	at org.junit.internal.runners.statements.InvokeMethod.evaluate(InvokeMethod.java:17)
	at org.junit.runners.ParentRunner.runLeaf(ParentRunner.java:325)
	at org.junit.runners.BlockJUnit4ClassRunner.runChild(BlockJUnit4ClassRunner.java:78)
	at org.junit.runners.BlockJUnit4ClassRunner.runChild(BlockJUnit4ClassRunner.java:57)
	at org.junit.runners.ParentRunner$3.run(ParentRunner.java:290)
	at org.junit.runners.ParentRunner$1.schedule(ParentRunner.java:71)
	at org.junit.runners.ParentRunner.runChildren(ParentRunner.java:288)
	at org.junit.runners.ParentRunner.access$000(ParentRunner.java:58)
	at org.junit.runners.ParentRunner$2.evaluate(ParentRunner.java:268)
	at org.junit.runners.ParentRunner.run(ParentRunner.java:363)
	at org.gradle.api.internal.tasks.testing.junit.JUnitTestClassExecutor.runTestClass(JUnitTestClassExecutor.java:110)
	at org.gradle.api.internal.tasks.testing.junit.JUnitTestClassExecutor.execute(JUnitTestClassExecutor.java:58)
	at org.gradle.api.internal.tasks.testing.junit.JUnitTestClassExecutor.execute(JUnitTestClassExecutor.java:38)
	at org.gradle.api.internal.tasks.testing.junit.AbstractJUnitTestClassProcessor.processTestClass(AbstractJUnitTestClassProcessor.java:62)
	at org.gradle.api.internal.tasks.testing.SuiteTestClassProcessor.processTestClass(SuiteTestClassProcessor.java:51)
	at java.base/jdk.internal.reflect.NativeMethodAccessorImpl.invoke0(Native Method)
	at java.base/jdk.internal.reflect.NativeMethodAccessorImpl.invoke(NativeMethodAccessorImpl.java:62)
	at java.base/jdk.internal.reflect.DelegatingMethodAccessorImpl.invoke(DelegatingMethodAccessorImpl.java:43)
	at java.base/java.lang.reflect.Method.invoke(Method.java:564)
	at org.gradle.internal.dispatch.ReflectionDispatch.dispatch(ReflectionDispatch.java:36)
	at org.gradle.internal.dispatch.ReflectionDispatch.dispatch(ReflectionDispatch.java:24)
	at org.gradle.internal.dispatch.ContextClassLoaderDispatch.dispatch(ContextClassLoaderDispatch.java:33)
	at org.gradle.internal.dispatch.ProxyDispatchAdapter$DispatchingInvocationHandler.invoke(ProxyDispatchAdapter.java:94)
	at com.sun.proxy.$Proxy2.processTestClass(Unknown Source)
	at org.gradle.api.internal.tasks.testing.worker.TestWorker.processTestClass(TestWorker.java:118)
	at java.base/jdk.internal.reflect.NativeMethodAccessorImpl.invoke0(Native Method)
	at java.base/jdk.internal.reflect.NativeMethodAccessorImpl.invoke(NativeMethodAccessorImpl.java:62)
	at java.base/jdk.internal.reflect.DelegatingMethodAccessorImpl.invoke(DelegatingMethodAccessorImpl.java:43)
	at java.base/java.lang.reflect.Method.invoke(Method.java:564)
	at org.gradle.internal.dispatch.ReflectionDispatch.dispatch(ReflectionDispatch.java:36)
	at org.gradle.internal.dispatch.ReflectionDispatch.dispatch(ReflectionDispatch.java:24)
	at org.gradle.internal.remote.internal.hub.MessageHubBackedObjectConnection$DispatchWrapper.dispatch(MessageHubBackedObjectConnection.java:182)
	at org.gradle.internal.remote.internal.hub.MessageHubBackedObjectConnection$DispatchWrapper.dispatch(MessageHubBackedObjectConnection.java:164)
	at org.gradle.internal.remote.internal.hub.MessageHub$Handler.run(MessageHub.java:412)
	at org.gradle.internal.concurrent.ExecutorPolicy$CatchAndRecordFailures.onExecute(ExecutorPolicy.java:64)
	at org.gradle.internal.concurrent.ManagedExecutorImpl$1.run(ManagedExecutorImpl.java:48)
	at java.base/java.util.concurrent.ThreadPoolExecutor.runWorker(ThreadPoolExecutor.java:1130)
	at java.base/java.util.concurrent.ThreadPoolExecutor$Worker.run(ThreadPoolExecutor.java:630)
	at org.gradle.internal.concurrent.ThreadFactoryImpl$ManagedThreadRunnable.run(ThreadFactoryImpl.java:56)
	at java.base/java.lang.Thread.run(Thread.java:832)
]]></system-err>
</testsuite>
